<?xml version="1.0" encoding="UTF-8"?>
<testng-results ignored="0" total="2" passed="2" failed="0" skipped="0">
  <reporter-output>
  </reporter-output>
  <suite started-at="2023-05-23T12:40:50 EDT" name="Suite" finished-at="2023-05-23T12:41:03 EDT" duration-ms="13473">
    <groups>
    </groups>
    <test started-at="2023-05-23T12:40:50 EDT" name="Test" finished-at="2023-05-23T12:41:03 EDT" duration-ms="13473">
      <class name="com.tekarch.SeleniumTest2">
        <test-method signature="script1()[pri:0, instance:com.tekarch.SeleniumTest2@35ef1869]" started-at="2023-05-23T12:40:57 EDT" name="script1" finished-at="2023-05-23T12:41:03 EDT" duration-ms="5994" status="PASS">
          <reporter-output>
          </reporter-output>
        </test-method> <!-- script1 -->
      </class> <!-- com.tekarch.SeleniumTest2 -->
      <class name="com.tekarch.SeleniumTest">
        <test-method signature="script1()[pri:0, instance:com.tekarch.SeleniumTest@1cbbffcd]" started-at="2023-05-23T12:40:50 EDT" name="script1" finished-at="2023-05-23T12:40:57 EDT" duration-ms="7437" status="PASS">
          <reporter-output>
          </reporter-output>
        </test-method> <!-- script1 -->
      </class> <!-- com.tekarch.SeleniumTest -->
    </test> <!-- Test -->
  </suite> <!-- Suite -->
</testng-results>
