<?xml version="1.0" encoding="UTF-8"?>
<testng-results ignored="0" total="1" passed="1" failed="0" skipped="0">
  <reporter-output>
  </reporter-output>
  <suite started-at="2023-03-11T20:09:11 EST" name="Default suite" finished-at="2023-03-11T20:09:12 EST" duration-ms="1234">
    <groups>
    </groups>
    <test started-at="2023-03-11T20:09:11 EST" name="Default test" finished-at="2023-03-11T20:09:12 EST" duration-ms="1234">
      <class name="com.university.UniversityTc">
        <test-method signature="readingData()[pri:0, instance:com.university.UniversityTc@20ce78ec]" started-at="2023-03-11T20:09:11 EST" name="readingData" finished-at="2023-03-11T20:09:12 EST" duration-ms="1197" status="PASS">
          <reporter-output>
          </reporter-output>
        </test-method> <!-- readingData -->
      </class> <!-- com.university.UniversityTc -->
    </test> <!-- Default test -->
  </suite> <!-- Default suite -->
</testng-results>
