<?xml version="1.0" encoding="UTF-8"?>
<!-- Generated by org.testng.reporters.JUnitXMLReporter -->
<testsuite ignored="4" hostname="Pebbles" failures="0" tests="1" name="Default test" time="12.448" errors="0" timestamp="2023-03-13T06:38:28 EDT">
  <testcase classname="com.tests.TeckarchTestApiTestscripE2E" name="TCgetUserData" time="11.948"/>
  <testcase classname="com.tests.TeckarchTestApiTestscripE2E" name="TCupdateUserData" time="0.0">
    <ignored/>
  </testcase> <!-- TCupdateUserData -->
  <testcase classname="com.tests.TeckarchTestApiTestscripE2E" name="deleteUserData" time="0.0">
    <ignored/>
  </testcase> <!-- deleteUserData -->
  <testcase classname="com.tests.TeckarchTestApiTestscripE2E" name="TCloginToApi" time="0.0">
    <ignored/>
  </testcase> <!-- TCloginToApi -->
  <testcase classname="com.tests.TeckarchTestApiTestscripE2E" name="TCaddUserData" time="0.0">
    <ignored/>
  </testcase> <!-- TCaddUserData -->
</testsuite> <!-- Default test -->
